[2026-01-22 01:54:46] [INFO    ] discord.client: logging in using static token
[2026-01-22 01:54:47] [INFO    ] discord.gateway: Shard ID None has connected to Gateway (Session ID: d050c71173dc03725b9c2adff64d669e).
[2026-02-05 00:08:54] [INFO    ] discord.client: logging in using static token
[2026-02-05 00:08:55] [INFO    ] discord.gateway: Shard ID None has connected to Gateway (Session ID: 0121958b6cf5a85ff6abb8fddfd745ed).
[2026-02-06 13:31:14] [INFO    ] discord.client: logging in using static token
[2026-02-06 13:31:16] [INFO    ] discord.gateway: Shard ID None has connected to Gateway (Session ID: 45011491d1f8cc55fc539accc6225e93).
[2026-02-06 13:41:13] [INFO    ] discord.client: logging in using static token
[2026-02-06 13:41:14] [INFO    ] discord.gateway: Shard ID None has connected to Gateway (Session ID: 51fed7bf1efd3f41158c10cf49a05223).
[2026-02-06 13:41:19] [ERROR   ] discord.client: Ignoring exception in on_message
Traceback (most recent call last):
  File "/usr/lib/python3/dist-packages/discord/client.py", line 441, in _run_event
    await coro(*args, **kwargs)
  File "/mnt/c/Users/neutr/OneDrive/workspace/project/git/discord_bot_ADoCN/test_discordbot.py", line 108, in on_message
    result = dice.d6table('table/PreciousDays/teacher_table.csv')
             ^^^^^^^^^^^^^^^^^^^^^^^^^^^^^^^^^^^^^^^^^^^^^^^^^^^^
TypeError: d6table() missing 1 required positional argument: 'n'
[2026-02-06 13:41:42] [ERROR   ] discord.client: Ignoring exception in on_message
Traceback (most recent call last):
  File "/usr/lib/python3/dist-packages/discord/client.py", line 441, in _run_event
    await coro(*args, **kwargs)
  File "/mnt/c/Users/neutr/OneDrive/workspace/project/git/discord_bot_ADoCN/test_discordbot.py", line 108, in on_message
    result = dice.d6table('table/PreciousDays/teacher_table.csv')
             ^^^^^^^^^^^^^^^^^^^^^^^^^^^^^^^^^^^^^^^^^^^^^^^^^^^^
TypeError: d6table() missing 1 required positional argument: 'n'
[2026-02-06 13:42:17] [ERROR   ] discord.client: Ignoring exception in on_message
Traceback (most recent call last):
  File "/usr/lib/python3/dist-packages/discord/client.py", line 441, in _run_event
    await coro(*args, **kwargs)
  File "/mnt/c/Users/neutr/OneDrive/workspace/project/git/discord_bot_ADoCN/test_discordbot.py", line 108, in on_message
    result = dice.d6table('table/PreciousDays/teacher_table.csv', 1)
             ^^^^^^^^^^^^^^^^^^^^^^^^^^^^^^^^^^^^^^^^^^^^^^^^^^^^
TypeError: d6table() missing 1 required positional argument: 'n'
[2026-02-06 13:42:35] [INFO    ] discord.client: logging in using static token
[2026-02-06 13:42:36] [INFO    ] discord.gateway: Shard ID None has connected to Gateway (Session ID: 171c080bd3998689155331ca8ef8da56).
[2026-02-06 13:42:48] [ERROR   ] discord.client: Ignoring exception in on_message
Traceback (most recent call last):
  File "/usr/lib/python3/dist-packages/discord/client.py", line 441, in _run_event
    await coro(*args, **kwargs)
  File "/mnt/c/Users/neutr/OneDrive/workspace/project/git/discord_bot_ADoCN/test_discordbot.py", line 108, in on_message
    result = dice.d6table('table/PreciousDays/teacher_table.csv', 1)
             ^^^^^^^^^^^^^^^^^^^^^^^^^^^^^^^^^^^^^^^^^^^^^^^^^^^^^^^
  File "/mnt/c/Users/neutr/OneDrive/workspace/project/git/discord_bot_ADoCN/dice.py", line 50, in d6table
    elif int(row[0]) > diceresult:
         ^^^^^^^^^^^^^^^^^^^^^^^^
TypeError: '>' not supported between instances of 'int' and 'list'
[2026-02-06 13:43:49] [ERROR   ] discord.client: Ignoring exception in on_message
Traceback (most recent call last):
  File "/usr/lib/python3/dist-packages/discord/client.py", line 441, in _run_event
    await coro(*args, **kwargs)
  File "/mnt/c/Users/neutr/OneDrive/workspace/project/git/discord_bot_ADoCN/test_discordbot.py", line 108, in on_message
    result = dice.d6table('table/PreciousDays/teacher_table.csv', 1)
             ^^^^^^^^^^^^^^^^^^^^^^^^^^^^^^^^^^^^^^^^^^^^^^^^^^^^^^^
  File "/mnt/c/Users/neutr/OneDrive/workspace/project/git/discord_bot_ADoCN/dice.py", line 50, in d6table
    elif int(row[0]) > diceresult:
         ^^^^^^^^^^^^^^^^^^^^^^^^
TypeError: '>' not supported between instances of 'int' and 'list'
[2026-02-06 13:45:04] [INFO    ] discord.client: logging in using static token
[2026-02-06 13:45:05] [INFO    ] discord.gateway: Shard ID None has connected to Gateway (Session ID: 30469ca1bf2d7d0a1204e089f8a30fc3).
[2026-02-06 13:45:09] [ERROR   ] discord.client: Ignoring exception in on_message
Traceback (most recent call last):
  File "/usr/lib/python3/dist-packages/discord/client.py", line 441, in _run_event
    await coro(*args, **kwargs)
  File "/mnt/c/Users/neutr/OneDrive/workspace/project/git/discord_bot_ADoCN/test_discordbot.py", line 108, in on_message
    result = dice.d6table('table/PreciousDays/teacher_table.csv')
             ^^^^^^^^^^^^^^^^^^^^^^^^^^^^^^^^^^^^^^^^^^^^^^^^^^^^
  File "/mnt/c/Users/neutr/OneDrive/workspace/project/git/discord_bot_ADoCN/dice.py", line 50, in d6table
    elif int(row[0]) > diceresult:
         ^^^^^^^^^^^^^^^^^^^^^^^^
TypeError: '>' not supported between instances of 'int' and 'list'
[2026-02-06 13:45:44] [INFO    ] discord.client: logging in using static token
[2026-02-06 13:45:45] [INFO    ] discord.gateway: Shard ID None has connected to Gateway (Session ID: 6fff2787c78d515bbc40c21fce4c1112).
[2026-02-06 14:50:27] [INFO    ] discord.client: logging in using static token
[2026-02-06 14:50:28] [INFO    ] discord.gateway: Shard ID None has connected to Gateway (Session ID: 85305239c4710404c6acca292e880cfa).
[2026-02-06 16:50:29] [INFO    ] discord.client: logging in using static token
[2026-02-06 16:50:30] [INFO    ] discord.gateway: Shard ID None has connected to Gateway (Session ID: d238227443d2de5878fb56e5fe8f98e9).
[2026-02-06 16:50:41] [ERROR   ] discord.client: Ignoring exception in on_message
Traceback (most recent call last):
  File "/usr/lib/python3/dist-packages/discord/client.py", line 441, in _run_event
    await coro(*args, **kwargs)
  File "/mnt/c/Users/neutr/OneDrive/workspace/project/git/discord_bot_ADoCN/test_discordbot.py", line 114, in on_message
    result = dice.d66table('table/PreciousDays/prize_change_table')
             ^^^^^^^^^^^^^^^^^^^^^^^^^^^^^^^^^^^^^^^^^^^^^^^^^^^^^^
  File "/mnt/c/Users/neutr/OneDrive/workspace/project/git/discord_bot_ADoCN/dice.py", line 31, in d66table
    with open(file) as table_file:
         ^^^^^^^^^^
FileNotFoundError: [Errno 2] No such file or directory: 'table/PreciousDays/prize_change_table'
[2026-02-06 16:50:54] [ERROR   ] discord.client: Ignoring exception in on_message
Traceback (most recent call last):
  File "/usr/lib/python3/dist-packages/discord/client.py", line 441, in _run_event
    await coro(*args, **kwargs)
  File "/mnt/c/Users/neutr/OneDrive/workspace/project/git/discord_bot_ADoCN/test_discordbot.py", line 114, in on_message
    result = dice.d66table('table/PreciousDays/prize_change_table')
             ^^^^^^^^^^^^^^^^^^^^^^^^^^^^^^^^^^^^^^^^^^^^^^^^^^^^^^
  File "/mnt/c/Users/neutr/OneDrive/workspace/project/git/discord_bot_ADoCN/dice.py", line 31, in d66table
    with open(file) as table_file:
         ^^^^^^^^^^
FileNotFoundError: [Errno 2] No such file or directory: 'table/PreciousDays/prize_change_table'
[2026-02-06 16:51:33] [ERROR   ] discord.client: Ignoring exception in on_message
Traceback (most recent call last):
  File "/usr/lib/python3/dist-packages/discord/client.py", line 441, in _run_event
    await coro(*args, **kwargs)
  File "/mnt/c/Users/neutr/OneDrive/workspace/project/git/discord_bot_ADoCN/test_discordbot.py", line 114, in on_message
    result = dice.d66table('table/PreciousDays/prize_change_table')
             ^^^^^^^^^^^^^^^^^^^^^^^^^^^^^^^^^^^^^^^^^^^^^^^^^^^^^^
  File "/mnt/c/Users/neutr/OneDrive/workspace/project/git/discord_bot_ADoCN/dice.py", line 31, in d66table
    with open(file) as table_file:
         ^^^^^^^^^^
FileNotFoundError: [Errno 2] No such file or directory: 'table/PreciousDays/prize_change_table'
[2026-02-06 16:51:36] [ERROR   ] discord.client: Ignoring exception in on_message
Traceback (most recent call last):
  File "/usr/lib/python3/dist-packages/discord/client.py", line 441, in _run_event
    await coro(*args, **kwargs)
  File "/mnt/c/Users/neutr/OneDrive/workspace/project/git/discord_bot_ADoCN/test_discordbot.py", line 120, in on_message
    result = dice.d66table('table/PreciousDays/prize_friend_table')
             ^^^^^^^^^^^^^^^^^^^^^^^^^^^^^^^^^^^^^^^^^^^^^^^^^^^^^^
  File "/mnt/c/Users/neutr/OneDrive/workspace/project/git/discord_bot_ADoCN/dice.py", line 31, in d66table
    with open(file) as table_file:
         ^^^^^^^^^^
FileNotFoundError: [Errno 2] No such file or directory: 'table/PreciousDays/prize_friend_table'
[2026-02-06 16:51:55] [INFO    ] discord.client: logging in using static token
[2026-02-06 16:51:57] [INFO    ] discord.gateway: Shard ID None has connected to Gateway (Session ID: 9851e910052e87a947c1c22718923073).
[2026-03-05 19:56:44] [INFO    ] discord.client: logging in using static token
[2026-03-05 19:56:46] [INFO    ] discord.gateway: Shard ID None has connected to Gateway (Session ID: 448132f0f30197c71cff91a3f969a98d).
[2026-03-05 19:56:51] [ERROR   ] discord.client: Ignoring exception in on_message
Traceback (most recent call last):
  File "C:\Users\neutr\AppData\Roaming\Python\Python312\site-packages\discord\client.py", line 504, in _run_event
    await coro(*args, **kwargs)
  File "C:\Users\neutr\OneDrive\workspace\project\git\discord_bot_ADoCN\test_discordbot.py", line 78, in on_message
    result = dice.d66table('table/PreciousDays/secret_table.csv')
             ^^^^^^^^^^^^^^^^^^^^^^^^^^^^^^^^^^^^^^^^^^^^^^^^^^^^
  File "C:\Users\neutr\OneDrive\workspace\project\git\discord_bot_ADoCN\dice.py", line 34, in d66table
    for row in reader:
UnicodeDecodeError: 'cp932' codec can't decode byte 0x87 in position 5: illegal multibyte sequence
[2026-03-05 19:56:54] [ERROR   ] discord.client: Ignoring exception in on_message
Traceback (most recent call last):
  File "C:\Users\neutr\AppData\Roaming\Python\Python312\site-packages\discord\client.py", line 504, in _run_event
    await coro(*args, **kwargs)
  File "C:\Users\neutr\OneDrive\workspace\project\git\discord_bot_ADoCN\test_discordbot.py", line 72, in on_message
    result = dice.d66table('table/PreciousDays/origin_table.csv')
             ^^^^^^^^^^^^^^^^^^^^^^^^^^^^^^^^^^^^^^^^^^^^^^^^^^^^
  File "C:\Users\neutr\OneDrive\workspace\project\git\discord_bot_ADoCN\dice.py", line 34, in d66table
    for row in reader:
UnicodeDecodeError: 'cp932' codec can't decode byte 0x81 in position 10: illegal multibyte sequence
[2026-03-05 19:57:25] [ERROR   ] discord.client: Ignoring exception in on_message
Traceback (most recent call last):
  File "C:\Users\neutr\AppData\Roaming\Python\Python312\site-packages\discord\client.py", line 504, in _run_event
    await coro(*args, **kwargs)
  File "C:\Users\neutr\OneDrive\workspace\project\git\discord_bot_ADoCN\test_discordbot.py", line 72, in on_message
    result = dice.d66table('table/PreciousDays/origin_table.csv')
             ^^^^^^^^^^^^^^^^^^^^^^^^^^^^^^^^^^^^^^^^^^^^^^^^^^^^
  File "C:\Users\neutr\OneDrive\workspace\project\git\discord_bot_ADoCN\dice.py", line 34, in d66table
    for row in reader:
UnicodeDecodeError: 'cp932' codec can't decode byte 0x81 in position 10: illegal multibyte sequence
[2026-03-05 19:59:43] [INFO    ] discord.client: logging in using static token
[2026-03-05 19:59:44] [INFO    ] discord.gateway: Shard ID None has connected to Gateway (Session ID: 110d8e54b78829b38867701148ae4996).
[2026-03-05 19:59:49] [ERROR   ] discord.client: Ignoring exception in on_message
Traceback (most recent call last):
  File "C:\Users\neutr\AppData\Roaming\Python\Python312\site-packages\discord\client.py", line 504, in _run_event
    await coro(*args, **kwargs)
  File "C:\Users\neutr\OneDrive\workspace\project\git\discord_bot_ADoCN\test_discordbot.py", line 78, in on_message
    result = dice.d66table('table/PreciousDays/secret_table.csv')
             ^^^^^^^^^^^^^^^^^^^^^^^^^^^^^^^^^^^^^^^^^^^^^^^^^^^^
  File "C:\Users\neutr\OneDrive\workspace\project\git\discord_bot_ADoCN\dice.py", line 34, in d66table
    reader = csv.reader(table_file, encoding = csv_encoding)
             ^^^^^^^^^^^^^^^^^^^^^^^^^^^^^^^^^^^^^^^^^^^^^^^
TypeError: 'encoding' is an invalid keyword argument for this function
[2026-03-05 20:03:01] [INFO    ] discord.client: logging in using static token
[2026-03-05 20:03:04] [INFO    ] discord.gateway: Shard ID None has connected to Gateway (Session ID: 8dc71872a803e7b4d531614d73521b97).
[2026-03-05 20:03:05] [ERROR   ] discord.client: Ignoring exception in on_message
Traceback (most recent call last):
  File "C:\Users\neutr\AppData\Roaming\Python\Python312\site-packages\discord\client.py", line 504, in _run_event
    await coro(*args, **kwargs)
  File "C:\Users\neutr\OneDrive\workspace\project\git\discord_bot_ADoCN\test_discordbot.py", line 78, in on_message
    result = dice.d66table('table/PreciousDays/secret_table.csv')
             ^^^^^^^^^^^^^^^^^^^^^^^^^^^^^^^^^^^^^^^^^^^^^^^^^^^^
  File "C:\Users\neutr\OneDrive\workspace\project\git\discord_bot_ADoCN\dice.py", line 34, in d66table
    for row in reader:
UnicodeDecodeError: 'cp932' codec can't decode byte 0x87 in position 5: illegal multibyte sequence
[2026-03-05 20:06:36] [INFO    ] discord.client: logging in using static token
[2026-03-05 20:06:37] [INFO    ] discord.gateway: Shard ID None has connected to Gateway (Session ID: 781dc69039ed720df1bfcff4bdb3611f).
[2026-03-06 01:12:27] [WARNING ] discord.gateway: Shard ID None has stopped responding to the gateway. Closing and restarting.
[2026-03-06 01:12:27] [INFO    ] discord.gateway: Shard ID None session has been invalidated.
[2026-03-06 01:12:33] [INFO    ] discord.gateway: Shard ID None has connected to Gateway (Session ID: 08763353fa96c34c4077d39e7145da16).
